<?xml version="1.0" encoding="UTF-8"?>
<!-- Generated by org.testng.reporters.JUnitReportReporter -->
<testsuite hostname="LAPTOP-Q0P8NBKR" failures="0" tests="6" name="pkg1.ForTestNg" time="27.153" errors="0" timestamp="2023-02-08T15:18:55 IST" skipped="0">
  <testcase classname="pkg1.ForTestNg" name="cookiesPolcy" time="6.318"/>
  <system-out/>
  <testcase classname="pkg1.ForTestNg" name="cookiesPolcy" time="3.540"/>
  <system-out/>
  <testcase classname="pkg1.ForTestNg" name="signupPage" time="4.551"/>
  <system-out/>
  <testcase classname="pkg1.ForTestNg" name="privacyPolicy" time="4.355"/>
  <system-out/>
  <testcase classname="pkg1.ForTestNg" name="privacyPolicy" time="4.215"/>
  <system-out/>
  <testcase classname="pkg1.ForTestNg" name="signupPage" time="4.174"/>
  <system-out/>
</testsuite> <!-- pkg1.ForTestNg -->
